2024-01-24T23:10:27+00:00 CRITICAL Uncaught Error: Call to a member function enqueue_styles() on null in C:\Users\assan\Local Sites\monsite\app\public\wp-content\plugins\header-footer-elementor\inc\class-header-footer-elementor.php:385
Stack trace:
#0 C:\Users\assan\Local Sites\monsite\app\public\wp-includes\class-wp-hook.php(324): Header_Footer_Elementor->enqueue_scripts('')
#1 C:\Users\assan\Local Sites\monsite\app\public\wp-includes\class-wp-hook.php(348): WP_Hook->apply_filters(NULL, Array)
#2 C:\Users\assan\Local Sites\monsite\app\public\wp-includes\plugin.php(517): WP_Hook->do_action(Array)
#3 C:\Users\assan\Local Sites\monsite\app\public\wp-includes\script-loader.php(2262): do_action('wp_enqueue_scri...')
#4 C:\Users\assan\Local Sites\monsite\app\public\wp-includes\class-wp-customize-manager.php(457): wp_enqueue_scripts()
#5 C:\Users\assan\Local Sites\monsite\app\public\wp-includes\class-wp-customize-manager.php(556): WP_Customize_Manager->wp_die(0, 'Non-existent ch...')
#6 C:\Users\assan\Local Sites\monsite\app\public\wp-includes\class-wp-hook.php(324): WP_Customize_Manager->setup_theme('')
#7 C:\Users\assan\Local Sites\monsite\app\public\wp-includes\class-wp-hook.php(348): WP_Hook->apply_filters(Object(Yoast_Dynamic_Rewrites), Array)
#8 C:\Users\assan\Local Sites\monsite\app\public\wp-includes\plugin.php(517): WP_Hook->do_action(Array)
#9 C:\Users\assan\Local Sites\monsite\app\public\wp-settings.php(575): do_action('setup_theme')
#10 C:\Users\assan\Local Sites\monsite\app\public\wp-config.php(103): require_once('C:\\Users\\assan\\...')
#11 C:\Users\assan\Local Sites\monsite\app\public\wp-load.php(50): require_once('C:\\Users\\assan\\...')
#12 C:\Users\assan\Local Sites\monsite\app\public\wp-blog-header.php(13): require_once('C:\\Users\\assan\\...')
#13 C:\Users\assan\Local Sites\monsite\app\public\index.php(17): require('C:\\Users\\assan\\...')
#14 {main}
  thrown in C:\Users\assan\Local Sites\monsite\app\public\wp-content\plugins\header-footer-elementor\inc\class-header-footer-elementor.php on line 385

2024-01-24T23:10:35+00:00 CRITICAL Uncaught Error: Call to a member function enqueue_styles() on null in C:\Users\assan\Local Sites\monsite\app\public\wp-content\plugins\header-footer-elementor\inc\class-header-footer-elementor.php:385
Stack trace:
#0 C:\Users\assan\Local Sites\monsite\app\public\wp-includes\class-wp-hook.php(324): Header_Footer_Elementor->enqueue_scripts('')
#1 C:\Users\assan\Local Sites\monsite\app\public\wp-includes\class-wp-hook.php(348): WP_Hook->apply_filters(NULL, Array)
#2 C:\Users\assan\Local Sites\monsite\app\public\wp-includes\plugin.php(517): WP_Hook->do_action(Array)
#3 C:\Users\assan\Local Sites\monsite\app\public\wp-includes\script-loader.php(2262): do_action('wp_enqueue_scri...')
#4 C:\Users\assan\Local Sites\monsite\app\public\wp-includes\class-wp-customize-manager.php(457): wp_enqueue_scripts()
#5 C:\Users\assan\Local Sites\monsite\app\public\wp-includes\class-wp-customize-manager.php(556): WP_Customize_Manager->wp_die(0, 'Non-existent ch...')
#6 C:\Users\assan\Local Sites\monsite\app\public\wp-includes\class-wp-hook.php(324): WP_Customize_Manager->setup_theme('')
#7 C:\Users\assan\Local Sites\monsite\app\public\wp-includes\class-wp-hook.php(348): WP_Hook->apply_filters(Object(Yoast_Dynamic_Rewrites), Array)
#8 C:\Users\assan\Local Sites\monsite\app\public\wp-includes\plugin.php(517): WP_Hook->do_action(Array)
#9 C:\Users\assan\Local Sites\monsite\app\public\wp-settings.php(575): do_action('setup_theme')
#10 C:\Users\assan\Local Sites\monsite\app\public\wp-config.php(103): require_once('C:\\Users\\assan\\...')
#11 C:\Users\assan\Local Sites\monsite\app\public\wp-load.php(50): require_once('C:\\Users\\assan\\...')
#12 C:\Users\assan\Local Sites\monsite\app\public\wp-blog-header.php(13): require_once('C:\\Users\\assan\\...')
#13 C:\Users\assan\Local Sites\monsite\app\public\index.php(17): require('C:\\Users\\assan\\...')
#14 {main}
  thrown in C:\Users\assan\Local Sites\monsite\app\public\wp-content\plugins\header-footer-elementor\inc\class-header-footer-elementor.php on line 385

2024-01-24T23:10:41+00:00 CRITICAL Uncaught Error: Call to a member function enqueue_styles() on null in C:\Users\assan\Local Sites\monsite\app\public\wp-content\plugins\header-footer-elementor\inc\class-header-footer-elementor.php:385
Stack trace:
#0 C:\Users\assan\Local Sites\monsite\app\public\wp-includes\class-wp-hook.php(324): Header_Footer_Elementor->enqueue_scripts('')
#1 C:\Users\assan\Local Sites\monsite\app\public\wp-includes\class-wp-hook.php(348): WP_Hook->apply_filters(NULL, Array)
#2 C:\Users\assan\Local Sites\monsite\app\public\wp-includes\plugin.php(517): WP_Hook->do_action(Array)
#3 C:\Users\assan\Local Sites\monsite\app\public\wp-includes\script-loader.php(2262): do_action('wp_enqueue_scri...')
#4 C:\Users\assan\Local Sites\monsite\app\public\wp-includes\class-wp-customize-manager.php(457): wp_enqueue_scripts()
#5 C:\Users\assan\Local Sites\monsite\app\public\wp-includes\class-wp-customize-manager.php(556): WP_Customize_Manager->wp_die(0, 'Non-existent ch...')
#6 C:\Users\assan\Local Sites\monsite\app\public\wp-includes\class-wp-hook.php(324): WP_Customize_Manager->setup_theme('')
#7 C:\Users\assan\Local Sites\monsite\app\public\wp-includes\class-wp-hook.php(348): WP_Hook->apply_filters(Object(Yoast_Dynamic_Rewrites), Array)
#8 C:\Users\assan\Local Sites\monsite\app\public\wp-includes\plugin.php(517): WP_Hook->do_action(Array)
#9 C:\Users\assan\Local Sites\monsite\app\public\wp-settings.php(575): do_action('setup_theme')
#10 C:\Users\assan\Local Sites\monsite\app\public\wp-config.php(103): require_once('C:\\Users\\assan\\...')
#11 C:\Users\assan\Local Sites\monsite\app\public\wp-load.php(50): require_once('C:\\Users\\assan\\...')
#12 C:\Users\assan\Local Sites\monsite\app\public\wp-blog-header.php(13): require_once('C:\\Users\\assan\\...')
#13 C:\Users\assan\Local Sites\monsite\app\public\index.php(17): require('C:\\Users\\assan\\...')
#14 {main}
  thrown in C:\Users\assan\Local Sites\monsite\app\public\wp-content\plugins\header-footer-elementor\inc\class-header-footer-elementor.php on line 385

2024-01-24T23:10:49+00:00 CRITICAL Uncaught Error: Call to a member function enqueue_styles() on null in C:\Users\assan\Local Sites\monsite\app\public\wp-content\plugins\header-footer-elementor\inc\class-header-footer-elementor.php:385
Stack trace:
#0 C:\Users\assan\Local Sites\monsite\app\public\wp-includes\class-wp-hook.php(324): Header_Footer_Elementor->enqueue_scripts('')
#1 C:\Users\assan\Local Sites\monsite\app\public\wp-includes\class-wp-hook.php(348): WP_Hook->apply_filters(NULL, Array)
#2 C:\Users\assan\Local Sites\monsite\app\public\wp-includes\plugin.php(517): WP_Hook->do_action(Array)
#3 C:\Users\assan\Local Sites\monsite\app\public\wp-includes\script-loader.php(2262): do_action('wp_enqueue_scri...')
#4 C:\Users\assan\Local Sites\monsite\app\public\wp-includes\class-wp-customize-manager.php(457): wp_enqueue_scripts()
#5 C:\Users\assan\Local Sites\monsite\app\public\wp-includes\class-wp-customize-manager.php(556): WP_Customize_Manager->wp_die(0, 'Non-existent ch...')
#6 C:\Users\assan\Local Sites\monsite\app\public\wp-includes\class-wp-hook.php(324): WP_Customize_Manager->setup_theme('')
#7 C:\Users\assan\Local Sites\monsite\app\public\wp-includes\class-wp-hook.php(348): WP_Hook->apply_filters(Object(Yoast_Dynamic_Rewrites), Array)
#8 C:\Users\assan\Local Sites\monsite\app\public\wp-includes\plugin.php(517): WP_Hook->do_action(Array)
#9 C:\Users\assan\Local Sites\monsite\app\public\wp-settings.php(575): do_action('setup_theme')
#10 C:\Users\assan\Local Sites\monsite\app\public\wp-config.php(103): require_once('C:\\Users\\assan\\...')
#11 C:\Users\assan\Local Sites\monsite\app\public\wp-load.php(50): require_once('C:\\Users\\assan\\...')
#12 C:\Users\assan\Local Sites\monsite\app\public\wp-blog-header.php(13): require_once('C:\\Users\\assan\\...')
#13 C:\Users\assan\Local Sites\monsite\app\public\index.php(17): require('C:\\Users\\assan\\...')
#14 {main}
  thrown in C:\Users\assan\Local Sites\monsite\app\public\wp-content\plugins\header-footer-elementor\inc\class-header-footer-elementor.php on line 385

2024-01-24T23:10:57+00:00 CRITICAL Uncaught Error: Call to a member function enqueue_styles() on null in C:\Users\assan\Local Sites\monsite\app\public\wp-content\plugins\header-footer-elementor\inc\class-header-footer-elementor.php:385
Stack trace:
#0 C:\Users\assan\Local Sites\monsite\app\public\wp-includes\class-wp-hook.php(324): Header_Footer_Elementor->enqueue_scripts('')
#1 C:\Users\assan\Local Sites\monsite\app\public\wp-includes\class-wp-hook.php(348): WP_Hook->apply_filters(NULL, Array)
#2 C:\Users\assan\Local Sites\monsite\app\public\wp-includes\plugin.php(517): WP_Hook->do_action(Array)
#3 C:\Users\assan\Local Sites\monsite\app\public\wp-includes\script-loader.php(2262): do_action('wp_enqueue_scri...')
#4 C:\Users\assan\Local Sites\monsite\app\public\wp-includes\class-wp-customize-manager.php(457): wp_enqueue_scripts()
#5 C:\Users\assan\Local Sites\monsite\app\public\wp-includes\class-wp-customize-manager.php(556): WP_Customize_Manager->wp_die(0, 'Non-existent ch...')
#6 C:\Users\assan\Local Sites\monsite\app\public\wp-includes\class-wp-hook.php(324): WP_Customize_Manager->setup_theme('')
#7 C:\Users\assan\Local Sites\monsite\app\public\wp-includes\class-wp-hook.php(348): WP_Hook->apply_filters(Object(Yoast_Dynamic_Rewrites), Array)
#8 C:\Users\assan\Local Sites\monsite\app\public\wp-includes\plugin.php(517): WP_Hook->do_action(Array)
#9 C:\Users\assan\Local Sites\monsite\app\public\wp-settings.php(575): do_action('setup_theme')
#10 C:\Users\assan\Local Sites\monsite\app\public\wp-config.php(103): require_once('C:\\Users\\assan\\...')
#11 C:\Users\assan\Local Sites\monsite\app\public\wp-load.php(50): require_once('C:\\Users\\assan\\...')
#12 C:\Users\assan\Local Sites\monsite\app\public\wp-blog-header.php(13): require_once('C:\\Users\\assan\\...')
#13 C:\Users\assan\Local Sites\monsite\app\public\index.php(17): require('C:\\Users\\assan\\...')
#14 {main}
  thrown in C:\Users\assan\Local Sites\monsite\app\public\wp-content\plugins\header-footer-elementor\inc\class-header-footer-elementor.php on line 385

2024-01-24T23:21:43+00:00 CRITICAL Uncaught Error: Call to a member function enqueue_styles() on null in C:\Users\assan\Local Sites\monsite\app\public\wp-content\plugins\header-footer-elementor\inc\class-header-footer-elementor.php:385
Stack trace:
#0 C:\Users\assan\Local Sites\monsite\app\public\wp-includes\class-wp-hook.php(324): Header_Footer_Elementor->enqueue_scripts('')
#1 C:\Users\assan\Local Sites\monsite\app\public\wp-includes\class-wp-hook.php(348): WP_Hook->apply_filters(NULL, Array)
#2 C:\Users\assan\Local Sites\monsite\app\public\wp-includes\plugin.php(517): WP_Hook->do_action(Array)
#3 C:\Users\assan\Local Sites\monsite\app\public\wp-includes\script-loader.php(2262): do_action('wp_enqueue_scri...')
#4 C:\Users\assan\Local Sites\monsite\app\public\wp-includes\class-wp-customize-manager.php(457): wp_enqueue_scripts()
#5 C:\Users\assan\Local Sites\monsite\app\public\wp-includes\class-wp-customize-manager.php(556): WP_Customize_Manager->wp_die(0, 'Non-existent ch...')
#6 C:\Users\assan\Local Sites\monsite\app\public\wp-includes\class-wp-hook.php(324): WP_Customize_Manager->setup_theme('')
#7 C:\Users\assan\Local Sites\monsite\app\public\wp-includes\class-wp-hook.php(348): WP_Hook->apply_filters(Object(Yoast_Dynamic_Rewrites), Array)
#8 C:\Users\assan\Local Sites\monsite\app\public\wp-includes\plugin.php(517): WP_Hook->do_action(Array)
#9 C:\Users\assan\Local Sites\monsite\app\public\wp-settings.php(575): do_action('setup_theme')
#10 C:\Users\assan\Local Sites\monsite\app\public\wp-config.php(103): require_once('C:\\Users\\assan\\...')
#11 C:\Users\assan\Local Sites\monsite\app\public\wp-load.php(50): require_once('C:\\Users\\assan\\...')
#12 C:\Users\assan\Local Sites\monsite\app\public\wp-blog-header.php(13): require_once('C:\\Users\\assan\\...')
#13 C:\Users\assan\Local Sites\monsite\app\public\index.php(17): require('C:\\Users\\assan\\...')
#14 {main}
  thrown in C:\Users\assan\Local Sites\monsite\app\public\wp-content\plugins\header-footer-elementor\inc\class-header-footer-elementor.php on line 385

