2024-01-23T10:11:43+00:00 CRITICAL Uncaught Error: Call to a member function get_cart_total() on null in C:\Users\assan\Local Sites\monsite\app\public\wp-content\themes\flower-shop-lite\header.php:107
Stack trace:
#0 C:\Users\assan\Local Sites\monsite\app\public\wp-includes\template.php(790): require_once()
#1 C:\Users\assan\Local Sites\monsite\app\public\wp-includes\template.php(725): load_template('C:\\Users\\assan\\...', true, Array)
#2 C:\Users\assan\Local Sites\monsite\app\public\wp-includes\general-template.php(48): locate_template(Array, true, true, Array)
#3 C:\Users\assan\Local Sites\monsite\app\public\wp-content\themes\flower-shop-lite\front-page.php(12): get_header()
#4 C:\Users\assan\Local Sites\monsite\app\public\wp-includes\template-loader.php(106): include('C:\\Users\\assan\\...')
#5 C:\Users\assan\Local Sites\monsite\app\public\wp-blog-header.php(19): require_once('C:\\Users\\assan\\...')
#6 C:\Users\assan\Local Sites\monsite\app\public\index.php(17): require('C:\\Users\\assan\\...')
#7 {main}
  thrown in C:\Users\assan\Local Sites\monsite\app\public\wp-content\themes\flower-shop-lite\header.php on line 107

2024-01-23T10:12:46+00:00 CRITICAL Uncaught Error: Call to a member function get_cart_total() on null in C:\Users\assan\Local Sites\monsite\app\public\wp-content\themes\flower-shop-lite\header.php:107
Stack trace:
#0 C:\Users\assan\Local Sites\monsite\app\public\wp-includes\template.php(790): require_once()
#1 C:\Users\assan\Local Sites\monsite\app\public\wp-includes\template.php(725): load_template('C:\\Users\\assan\\...', true, Array)
#2 C:\Users\assan\Local Sites\monsite\app\public\wp-includes\general-template.php(48): locate_template(Array, true, true, Array)
#3 C:\Users\assan\Local Sites\monsite\app\public\wp-content\themes\flower-shop-lite\front-page.php(12): get_header()
#4 C:\Users\assan\Local Sites\monsite\app\public\wp-includes\template-loader.php(106): include('C:\\Users\\assan\\...')
#5 C:\Users\assan\Local Sites\monsite\app\public\wp-blog-header.php(19): require_once('C:\\Users\\assan\\...')
#6 C:\Users\assan\Local Sites\monsite\app\public\index.php(17): require('C:\\Users\\assan\\...')
#7 {main}
  thrown in C:\Users\assan\Local Sites\monsite\app\public\wp-content\themes\flower-shop-lite\header.php on line 107

2024-01-23T10:44:16+00:00 CRITICAL Uncaught Error: Call to a member function get_cart_total() on null in C:\Users\assan\Local Sites\monsite\app\public\wp-content\themes\flower-shop-lite\header.php:107
Stack trace:
#0 C:\Users\assan\Local Sites\monsite\app\public\wp-includes\template.php(790): require_once()
#1 C:\Users\assan\Local Sites\monsite\app\public\wp-includes\template.php(725): load_template('C:\\Users\\assan\\...', true, Array)
#2 C:\Users\assan\Local Sites\monsite\app\public\wp-includes\general-template.php(48): locate_template(Array, true, true, Array)
#3 C:\Users\assan\Local Sites\monsite\app\public\wp-content\themes\flower-shop-lite\front-page.php(12): get_header()
#4 C:\Users\assan\Local Sites\monsite\app\public\wp-includes\template-loader.php(106): include('C:\\Users\\assan\\...')
#5 C:\Users\assan\Local Sites\monsite\app\public\wp-blog-header.php(19): require_once('C:\\Users\\assan\\...')
#6 C:\Users\assan\Local Sites\monsite\app\public\index.php(17): require('C:\\Users\\assan\\...')
#7 {main}
  thrown in C:\Users\assan\Local Sites\monsite\app\public\wp-content\themes\flower-shop-lite\header.php on line 107

2024-01-23T10:44:43+00:00 CRITICAL Uncaught Error: Call to a member function get_cart_total() on null in C:\Users\assan\Local Sites\monsite\app\public\wp-content\themes\flower-shop-lite\header.php:107
Stack trace:
#0 C:\Users\assan\Local Sites\monsite\app\public\wp-includes\template.php(790): require_once()
#1 C:\Users\assan\Local Sites\monsite\app\public\wp-includes\template.php(725): load_template('C:\\Users\\assan\\...', true, Array)
#2 C:\Users\assan\Local Sites\monsite\app\public\wp-includes\general-template.php(48): locate_template(Array, true, true, Array)
#3 C:\Users\assan\Local Sites\monsite\app\public\wp-content\themes\flower-shop-lite\front-page.php(12): get_header()
#4 C:\Users\assan\Local Sites\monsite\app\public\wp-includes\template-loader.php(106): include('C:\\Users\\assan\\...')
#5 C:\Users\assan\Local Sites\monsite\app\public\wp-blog-header.php(19): require_once('C:\\Users\\assan\\...')
#6 C:\Users\assan\Local Sites\monsite\app\public\index.php(17): require('C:\\Users\\assan\\...')
#7 {main}
  thrown in C:\Users\assan\Local Sites\monsite\app\public\wp-content\themes\flower-shop-lite\header.php on line 107

2024-01-23T10:45:34+00:00 CRITICAL Uncaught Error: Call to a member function get_cart_total() on null in C:\Users\assan\Local Sites\monsite\app\public\wp-content\themes\flower-shop-lite\header.php:107
Stack trace:
#0 C:\Users\assan\Local Sites\monsite\app\public\wp-includes\template.php(790): require_once()
#1 C:\Users\assan\Local Sites\monsite\app\public\wp-includes\template.php(725): load_template('C:\\Users\\assan\\...', true, Array)
#2 C:\Users\assan\Local Sites\monsite\app\public\wp-includes\general-template.php(48): locate_template(Array, true, true, Array)
#3 C:\Users\assan\Local Sites\monsite\app\public\wp-content\themes\flower-shop-lite\front-page.php(12): get_header()
#4 C:\Users\assan\Local Sites\monsite\app\public\wp-includes\template-loader.php(106): include('C:\\Users\\assan\\...')
#5 C:\Users\assan\Local Sites\monsite\app\public\wp-blog-header.php(19): require_once('C:\\Users\\assan\\...')
#6 C:\Users\assan\Local Sites\monsite\app\public\index.php(17): require('C:\\Users\\assan\\...')
#7 {main}
  thrown in C:\Users\assan\Local Sites\monsite\app\public\wp-content\themes\flower-shop-lite\header.php on line 107

2024-01-23T10:50:39+00:00 CRITICAL Uncaught Error: Call to a member function get_cart_total() on null in C:\Users\assan\Local Sites\monsite\app\public\wp-content\themes\flower-shop-lite\header.php:107
Stack trace:
#0 C:\Users\assan\Local Sites\monsite\app\public\wp-includes\template.php(790): require_once()
#1 C:\Users\assan\Local Sites\monsite\app\public\wp-includes\template.php(725): load_template('C:\\Users\\assan\\...', true, Array)
#2 C:\Users\assan\Local Sites\monsite\app\public\wp-includes\general-template.php(48): locate_template(Array, true, true, Array)
#3 C:\Users\assan\Local Sites\monsite\app\public\wp-content\themes\flower-shop-lite\front-page.php(12): get_header()
#4 C:\Users\assan\Local Sites\monsite\app\public\wp-includes\template-loader.php(106): include('C:\\Users\\assan\\...')
#5 C:\Users\assan\Local Sites\monsite\app\public\wp-blog-header.php(19): require_once('C:\\Users\\assan\\...')
#6 C:\Users\assan\Local Sites\monsite\app\public\index.php(17): require('C:\\Users\\assan\\...')
#7 {main}
  thrown in C:\Users\assan\Local Sites\monsite\app\public\wp-content\themes\flower-shop-lite\header.php on line 107

2024-01-23T10:51:39+00:00 CRITICAL Uncaught Error: Call to a member function get_cart_total() on null in C:\Users\assan\Local Sites\monsite\app\public\wp-content\themes\flower-shop-lite\header.php:107
Stack trace:
#0 C:\Users\assan\Local Sites\monsite\app\public\wp-includes\template.php(790): require_once()
#1 C:\Users\assan\Local Sites\monsite\app\public\wp-includes\template.php(725): load_template('C:\\Users\\assan\\...', true, Array)
#2 C:\Users\assan\Local Sites\monsite\app\public\wp-includes\general-template.php(48): locate_template(Array, true, true, Array)
#3 C:\Users\assan\Local Sites\monsite\app\public\wp-content\themes\flower-shop-lite\front-page.php(12): get_header()
#4 C:\Users\assan\Local Sites\monsite\app\public\wp-includes\template-loader.php(106): include('C:\\Users\\assan\\...')
#5 C:\Users\assan\Local Sites\monsite\app\public\wp-blog-header.php(19): require_once('C:\\Users\\assan\\...')
#6 C:\Users\assan\Local Sites\monsite\app\public\index.php(17): require('C:\\Users\\assan\\...')
#7 {main}
  thrown in C:\Users\assan\Local Sites\monsite\app\public\wp-content\themes\flower-shop-lite\header.php on line 107

2024-01-23T11:36:41+00:00 CRITICAL Uncaught Error: Call to a member function get_cart_total() on null in C:\Users\assan\Local Sites\monsite\app\public\wp-content\themes\flower-shop-lite\header.php:107
Stack trace:
#0 C:\Users\assan\Local Sites\monsite\app\public\wp-includes\template.php(790): require_once()
#1 C:\Users\assan\Local Sites\monsite\app\public\wp-includes\template.php(725): load_template('C:\\Users\\assan\\...', true, Array)
#2 C:\Users\assan\Local Sites\monsite\app\public\wp-includes\general-template.php(48): locate_template(Array, true, true, Array)
#3 C:\Users\assan\Local Sites\monsite\app\public\wp-content\themes\flower-shop-lite\front-page.php(12): get_header()
#4 C:\Users\assan\Local Sites\monsite\app\public\wp-includes\template-loader.php(106): include('C:\\Users\\assan\\...')
#5 C:\Users\assan\Local Sites\monsite\app\public\wp-blog-header.php(19): require_once('C:\\Users\\assan\\...')
#6 C:\Users\assan\Local Sites\monsite\app\public\index.php(17): require('C:\\Users\\assan\\...')
#7 {main}
  thrown in C:\Users\assan\Local Sites\monsite\app\public\wp-content\themes\flower-shop-lite\header.php on line 107

2024-01-23T11:47:49+00:00 CRITICAL Uncaught Error: Call to a member function get_cart_total() on null in C:\Users\assan\Local Sites\monsite\app\public\wp-content\themes\flower-shop-lite\header.php:107
Stack trace:
#0 C:\Users\assan\Local Sites\monsite\app\public\wp-includes\template.php(790): require_once()
#1 C:\Users\assan\Local Sites\monsite\app\public\wp-includes\template.php(725): load_template('C:\\Users\\assan\\...', true, Array)
#2 C:\Users\assan\Local Sites\monsite\app\public\wp-includes\general-template.php(48): locate_template(Array, true, true, Array)
#3 C:\Users\assan\Local Sites\monsite\app\public\wp-content\themes\flower-shop-lite\front-page.php(12): get_header()
#4 C:\Users\assan\Local Sites\monsite\app\public\wp-includes\template-loader.php(106): include('C:\\Users\\assan\\...')
#5 C:\Users\assan\Local Sites\monsite\app\public\wp-blog-header.php(19): require_once('C:\\Users\\assan\\...')
#6 C:\Users\assan\Local Sites\monsite\app\public\index.php(17): require('C:\\Users\\assan\\...')
#7 {main}
  thrown in C:\Users\assan\Local Sites\monsite\app\public\wp-content\themes\flower-shop-lite\header.php on line 107

2024-01-23T13:32:08+00:00 CRITICAL Uncaught Error: Call to a member function get_cart_total() on null in C:\Users\assan\Local Sites\monsite\app\public\wp-content\themes\flower-shop-lite\header.php:107
Stack trace:
#0 C:\Users\assan\Local Sites\monsite\app\public\wp-includes\template.php(790): require_once()
#1 C:\Users\assan\Local Sites\monsite\app\public\wp-includes\template.php(725): load_template('C:\\Users\\assan\\...', true, Array)
#2 C:\Users\assan\Local Sites\monsite\app\public\wp-includes\general-template.php(48): locate_template(Array, true, true, Array)
#3 C:\Users\assan\Local Sites\monsite\app\public\wp-content\themes\flower-shop-lite\front-page.php(12): get_header()
#4 C:\Users\assan\Local Sites\monsite\app\public\wp-includes\template-loader.php(106): include('C:\\Users\\assan\\...')
#5 C:\Users\assan\Local Sites\monsite\app\public\wp-blog-header.php(19): require_once('C:\\Users\\assan\\...')
#6 C:\Users\assan\Local Sites\monsite\app\public\index.php(17): require('C:\\Users\\assan\\...')
#7 {main}
  thrown in C:\Users\assan\Local Sites\monsite\app\public\wp-content\themes\flower-shop-lite\header.php on line 107

2024-01-23T13:37:18+00:00 CRITICAL Uncaught Error: Call to a member function get_cart_total() on null in C:\Users\assan\Local Sites\monsite\app\public\wp-content\themes\flower-shop-lite\header.php:107
Stack trace:
#0 C:\Users\assan\Local Sites\monsite\app\public\wp-includes\template.php(790): require_once()
#1 C:\Users\assan\Local Sites\monsite\app\public\wp-includes\template.php(725): load_template('C:\\Users\\assan\\...', true, Array)
#2 C:\Users\assan\Local Sites\monsite\app\public\wp-includes\general-template.php(48): locate_template(Array, true, true, Array)
#3 C:\Users\assan\Local Sites\monsite\app\public\wp-content\themes\flower-shop-lite\front-page.php(12): get_header()
#4 C:\Users\assan\Local Sites\monsite\app\public\wp-includes\template-loader.php(106): include('C:\\Users\\assan\\...')
#5 C:\Users\assan\Local Sites\monsite\app\public\wp-blog-header.php(19): require_once('C:\\Users\\assan\\...')
#6 C:\Users\assan\Local Sites\monsite\app\public\index.php(17): require('C:\\Users\\assan\\...')
#7 {main}
  thrown in C:\Users\assan\Local Sites\monsite\app\public\wp-content\themes\flower-shop-lite\header.php on line 107

2024-01-23T13:39:50+00:00 CRITICAL Uncaught Error: Call to a member function get_cart_total() on null in C:\Users\assan\Local Sites\monsite\app\public\wp-content\themes\flower-shop-lite\header.php:107
Stack trace:
#0 C:\Users\assan\Local Sites\monsite\app\public\wp-includes\template.php(790): require_once()
#1 C:\Users\assan\Local Sites\monsite\app\public\wp-includes\template.php(725): load_template('C:\\Users\\assan\\...', true, Array)
#2 C:\Users\assan\Local Sites\monsite\app\public\wp-includes\general-template.php(48): locate_template(Array, true, true, Array)
#3 C:\Users\assan\Local Sites\monsite\app\public\wp-content\themes\flower-shop-lite\front-page.php(12): get_header()
#4 C:\Users\assan\Local Sites\monsite\app\public\wp-includes\template-loader.php(106): include('C:\\Users\\assan\\...')
#5 C:\Users\assan\Local Sites\monsite\app\public\wp-blog-header.php(19): require_once('C:\\Users\\assan\\...')
#6 C:\Users\assan\Local Sites\monsite\app\public\index.php(17): require('C:\\Users\\assan\\...')
#7 {main}
  thrown in C:\Users\assan\Local Sites\monsite\app\public\wp-content\themes\flower-shop-lite\header.php on line 107

2024-01-23T13:41:21+00:00 CRITICAL Uncaught Error: Call to a member function get_cart_total() on null in C:\Users\assan\Local Sites\monsite\app\public\wp-content\themes\flower-shop-lite\header.php:107
Stack trace:
#0 C:\Users\assan\Local Sites\monsite\app\public\wp-includes\template.php(790): require_once()
#1 C:\Users\assan\Local Sites\monsite\app\public\wp-includes\template.php(725): load_template('C:\\Users\\assan\\...', true, Array)
#2 C:\Users\assan\Local Sites\monsite\app\public\wp-includes\general-template.php(48): locate_template(Array, true, true, Array)
#3 C:\Users\assan\Local Sites\monsite\app\public\wp-content\themes\flower-shop-lite\front-page.php(12): get_header()
#4 C:\Users\assan\Local Sites\monsite\app\public\wp-includes\template-loader.php(106): include('C:\\Users\\assan\\...')
#5 C:\Users\assan\Local Sites\monsite\app\public\wp-blog-header.php(19): require_once('C:\\Users\\assan\\...')
#6 C:\Users\assan\Local Sites\monsite\app\public\index.php(17): require('C:\\Users\\assan\\...')
#7 {main}
  thrown in C:\Users\assan\Local Sites\monsite\app\public\wp-content\themes\flower-shop-lite\header.php on line 107

2024-01-23T14:23:58+00:00 CRITICAL Uncaught Error: Call to a member function get_cart_total() on null in C:\Users\assan\Local Sites\monsite\app\public\wp-content\themes\flower-shop-lite\header.php:107
Stack trace:
#0 C:\Users\assan\Local Sites\monsite\app\public\wp-includes\template.php(790): require_once()
#1 C:\Users\assan\Local Sites\monsite\app\public\wp-includes\template.php(725): load_template('C:\\Users\\assan\\...', true, Array)
#2 C:\Users\assan\Local Sites\monsite\app\public\wp-includes\general-template.php(48): locate_template(Array, true, true, Array)
#3 C:\Users\assan\Local Sites\monsite\app\public\wp-content\themes\flower-shop-lite\front-page.php(12): get_header()
#4 C:\Users\assan\Local Sites\monsite\app\public\wp-includes\template-loader.php(106): include('C:\\Users\\assan\\...')
#5 C:\Users\assan\Local Sites\monsite\app\public\wp-blog-header.php(19): require_once('C:\\Users\\assan\\...')
#6 C:\Users\assan\Local Sites\monsite\app\public\index.php(17): require('C:\\Users\\assan\\...')
#7 {main}
  thrown in C:\Users\assan\Local Sites\monsite\app\public\wp-content\themes\flower-shop-lite\header.php on line 107

